Performing C++ SOURCE FILE Test CMAKE_HAVE_LIBC_PTHREAD failed with the following output:
Change Dir: /home/cadubastos/qt_projects/CNPJ_Finder/CNPJ_Finder/build/Desktop_win-Debug/CMakeFiles/CMakeTmp

Run Build Command(s):/usr/bin/ninja cmTC_3c258 && [1/2] Building CXX object CMakeFiles/cmTC_3c258.dir/src.cxx.obj
[2/2] Linking CXX executable cmTC_3c258.exe
[31mFAILED: [0mcmTC_3c258.exe 
: && /usr/bin/x86_64-w64-mingw32-g++ -DQT_QML_DEBUG  CMakeFiles/cmTC_3c258.dir/src.cxx.obj -o cmTC_3c258.exe -Wl,--out-implib,libcmTC_3c258.dll.a -Wl,--major-image-version,0,--minor-image-version,0  -lkernel32 -luser32 -lgdi32 -lwinspool -lshell32 -lole32 -loleaut32 -luuid -lcomdlg32 -ladvapi32 && :
/usr/bin/x86_64-w64-mingw32-ld: CMakeFiles/cmTC_3c258.dir/src.cxx.obj:src.cxx:(.text+0x35): undefined reference to `pthread_create'
/usr/bin/x86_64-w64-mingw32-ld: CMakeFiles/cmTC_3c258.dir/src.cxx.obj:src.cxx:(.text+0x41): undefined reference to `pthread_detach'
/usr/bin/x86_64-w64-mingw32-ld: CMakeFiles/cmTC_3c258.dir/src.cxx.obj:src.cxx:(.text+0x4d): undefined reference to `pthread_cancel'
/usr/bin/x86_64-w64-mingw32-ld: CMakeFiles/cmTC_3c258.dir/src.cxx.obj:src.cxx:(.text+0x5e): undefined reference to `pthread_join'
/usr/bin/x86_64-w64-mingw32-ld: CMakeFiles/cmTC_3c258.dir/src.cxx.obj:src.cxx:(.text+0x68): undefined reference to `pthread_exit'
collect2: error: ld returned 1 exit status
ninja: build stopped: subcommand failed.


Source file was:
#include <pthread.h>

static void* test_func(void* data)
{
  return data;
}

int main(void)
{
  pthread_t thread;
  pthread_create(&thread, NULL, test_func, NULL);
  pthread_detach(thread);
  pthread_cancel(thread);
  pthread_join(thread, NULL);
  pthread_atfork(NULL, NULL, NULL);
  pthread_exit(NULL);

  return 0;
}

